[20-Mar-2024 08:25:32 UTC] WordPress database error Table 'local.wp_woocommerce_sessions' doesn't exist for query SELECT session_value FROM wp_woocommerce_sessions WHERE session_key = '1' made by require_once('wp-load.php'), require_once('wp-config.php'), require_once('wp-settings.php'), do_action('init'), WP_Hook->do_action, WP_Hook->apply_filters, WooCommerce->init, wc_load_cart, WooCommerce->initialize_session, WC_Session_Handler->init, WC_Session_Handler->init_session_cookie, WC_Session_Handler->get_session_data, WC_Session_Handler->get_session
[20-Mar-2024 08:25:33 UTC] WordPress database error Table 'local.wp_wc_webhooks' doesn't exist for query SELECT webhook_id
				FROM wp_wc_webhooks
				WHERE 1=1
				AND `status` = 'active'
				
				
				
				
				
				
				ORDER BY webhook_id DESC made by require_once('wp-load.php'), require_once('wp-config.php'), require_once('wp-settings.php'), do_action('init'), WP_Hook->do_action, WP_Hook->apply_filters, WooCommerce->init, WooCommerce->load_webhooks, wc_load_webhooks, WC_Data_Store->__call, WC_Webhook_Data_Store->get_webhooks_ids, WC_Webhook_Data_Store->search_webhooks
[20-Mar-2024 08:25:33 UTC] WordPress database error Table 'local.wp_woocommerce_attribute_taxonomies' doesn't exist for query SELECT * FROM wp_woocommerce_attribute_taxonomies WHERE attribute_name != '' ORDER BY attribute_name ASC; made by require_once('wp-load.php'), require_once('wp-config.php'), require_once('wp-settings.php'), do_action('init'), WP_Hook->do_action, WP_Hook->apply_filters, WC_Post_Types::register_taxonomies, wc_get_attribute_taxonomies
[20-Mar-2024 08:25:35 UTC] PHP Warning:  Undefined array key "cart" in /home/suzan/Local Sites/merocommerce/app/public/wp-content/plugins/woocommerce/src/Blocks/Installer.php on line 36
[20-Mar-2024 08:25:35 UTC] PHP Warning:  Trying to access array offset on value of type null in /home/suzan/Local Sites/merocommerce/app/public/wp-content/plugins/woocommerce/src/Blocks/Installer.php on line 36
[20-Mar-2024 08:25:35 UTC] PHP Warning:  Undefined array key "checkout" in /home/suzan/Local Sites/merocommerce/app/public/wp-content/plugins/woocommerce/src/Blocks/Installer.php on line 40
[20-Mar-2024 08:25:35 UTC] PHP Warning:  Trying to access array offset on value of type null in /home/suzan/Local Sites/merocommerce/app/public/wp-content/plugins/woocommerce/src/Blocks/Installer.php on line 40
[20-Mar-2024 08:26:45 UTC] PHP Warning:  Undefined variable $custom_import_settings in /home/suzan/Local Sites/merocommerce/app/public/wp-content/plugins/athemes-starter-sites/v2/classes/class-importer.php on line 1186
[20-Mar-2024 14:00:08 UTC] PHP Warning:  Trying to access array offset on value of type bool in /home/suzan/Local Sites/merocommerce/app/public/wp-content/plugins/elementor/includes/managers/image.php on line 113
[20-Mar-2024 14:00:08 UTC] PHP Warning:  Trying to access array offset on value of type bool in /home/suzan/Local Sites/merocommerce/app/public/wp-content/plugins/elementor/includes/managers/image.php on line 113
[20-Mar-2024 14:00:08 UTC] PHP Warning:  Trying to access array offset on value of type bool in /home/suzan/Local Sites/merocommerce/app/public/wp-content/plugins/elementor/includes/managers/image.php on line 113
[20-Mar-2024 14:00:08 UTC] PHP Warning:  Trying to access array offset on value of type bool in /home/suzan/Local Sites/merocommerce/app/public/wp-content/plugins/elementor/includes/managers/image.php on line 113
[20-Mar-2024 14:00:08 UTC] PHP Warning:  Trying to access array offset on value of type bool in /home/suzan/Local Sites/merocommerce/app/public/wp-content/plugins/elementor/includes/managers/image.php on line 113
[20-Mar-2024 14:00:08 UTC] PHP Warning:  Trying to access array offset on value of type bool in /home/suzan/Local Sites/merocommerce/app/public/wp-content/plugins/elementor/includes/managers/image.php on line 113
[20-Mar-2024 14:00:08 UTC] PHP Warning:  Trying to access array offset on value of type bool in /home/suzan/Local Sites/merocommerce/app/public/wp-content/plugins/elementor/includes/managers/image.php on line 113
[20-Mar-2024 14:00:08 UTC] PHP Warning:  Trying to access array offset on value of type bool in /home/suzan/Local Sites/merocommerce/app/public/wp-content/plugins/elementor/includes/managers/image.php on line 113
[20-Mar-2024 14:00:08 UTC] PHP Warning:  Trying to access array offset on value of type bool in /home/suzan/Local Sites/merocommerce/app/public/wp-content/plugins/elementor/includes/managers/image.php on line 113
[20-Mar-2024 14:00:08 UTC] PHP Warning:  Trying to access array offset on value of type bool in /home/suzan/Local Sites/merocommerce/app/public/wp-content/plugins/elementor/includes/managers/image.php on line 113
[20-Mar-2024 14:00:08 UTC] PHP Warning:  Trying to access array offset on value of type bool in /home/suzan/Local Sites/merocommerce/app/public/wp-content/plugins/elementor/includes/managers/image.php on line 113
[20-Mar-2024 14:00:08 UTC] PHP Warning:  Trying to access array offset on value of type bool in /home/suzan/Local Sites/merocommerce/app/public/wp-content/plugins/elementor/includes/managers/image.php on line 113
[20-Mar-2024 14:00:08 UTC] PHP Warning:  Trying to access array offset on value of type bool in /home/suzan/Local Sites/merocommerce/app/public/wp-content/plugins/elementor/includes/managers/image.php on line 113
[20-Mar-2024 14:00:08 UTC] PHP Warning:  Trying to access array offset on value of type bool in /home/suzan/Local Sites/merocommerce/app/public/wp-content/plugins/elementor/includes/managers/image.php on line 113
[20-Mar-2024 14:00:08 UTC] PHP Warning:  Trying to access array offset on value of type bool in /home/suzan/Local Sites/merocommerce/app/public/wp-content/plugins/elementor/includes/managers/image.php on line 113
[20-Mar-2024 14:00:08 UTC] PHP Warning:  Trying to access array offset on value of type bool in /home/suzan/Local Sites/merocommerce/app/public/wp-content/plugins/elementor/includes/managers/image.php on line 113
[20-Mar-2024 14:00:08 UTC] PHP Warning:  Trying to access array offset on value of type bool in /home/suzan/Local Sites/merocommerce/app/public/wp-content/plugins/elementor/includes/managers/image.php on line 113
[20-Mar-2024 14:00:08 UTC] PHP Warning:  Trying to access array offset on value of type bool in /home/suzan/Local Sites/merocommerce/app/public/wp-content/plugins/elementor/includes/managers/image.php on line 113
[20-Mar-2024 14:00:08 UTC] PHP Warning:  Trying to access array offset on value of type bool in /home/suzan/Local Sites/merocommerce/app/public/wp-content/plugins/elementor/includes/managers/image.php on line 113
[20-Mar-2024 14:00:08 UTC] PHP Warning:  Trying to access array offset on value of type bool in /home/suzan/Local Sites/merocommerce/app/public/wp-content/plugins/elementor/includes/managers/image.php on line 113
[20-Mar-2024 14:00:08 UTC] PHP Warning:  Trying to access array offset on value of type bool in /home/suzan/Local Sites/merocommerce/app/public/wp-content/plugins/elementor/includes/managers/image.php on line 113
[20-Mar-2024 14:00:08 UTC] PHP Warning:  Trying to access array offset on value of type bool in /home/suzan/Local Sites/merocommerce/app/public/wp-content/plugins/elementor/includes/managers/image.php on line 113
[20-Mar-2024 14:00:08 UTC] PHP Warning:  Trying to access array offset on value of type bool in /home/suzan/Local Sites/merocommerce/app/public/wp-content/plugins/elementor/includes/managers/image.php on line 113
[20-Mar-2024 14:00:08 UTC] PHP Warning:  Trying to access array offset on value of type bool in /home/suzan/Local Sites/merocommerce/app/public/wp-content/plugins/elementor/includes/managers/image.php on line 113
[20-Mar-2024 14:00:08 UTC] PHP Warning:  Trying to access array offset on value of type bool in /home/suzan/Local Sites/merocommerce/app/public/wp-content/plugins/elementor/includes/managers/image.php on line 113
[20-Mar-2024 14:00:08 UTC] PHP Warning:  Trying to access array offset on value of type bool in /home/suzan/Local Sites/merocommerce/app/public/wp-content/plugins/elementor/includes/managers/image.php on line 113
[20-Mar-2024 14:00:08 UTC] PHP Warning:  Trying to access array offset on value of type bool in /home/suzan/Local Sites/merocommerce/app/public/wp-content/plugins/elementor/includes/managers/image.php on line 113
[20-Mar-2024 14:00:08 UTC] PHP Warning:  Trying to access array offset on value of type bool in /home/suzan/Local Sites/merocommerce/app/public/wp-content/plugins/elementor/includes/managers/image.php on line 113
[20-Mar-2024 14:00:08 UTC] PHP Warning:  Trying to access array offset on value of type bool in /home/suzan/Local Sites/merocommerce/app/public/wp-content/plugins/elementor/includes/managers/image.php on line 113
[20-Mar-2024 14:00:08 UTC] PHP Warning:  Trying to access array offset on value of type bool in /home/suzan/Local Sites/merocommerce/app/public/wp-content/plugins/elementor/includes/managers/image.php on line 113
[20-Mar-2024 14:00:08 UTC] PHP Warning:  Trying to access array offset on value of type bool in /home/suzan/Local Sites/merocommerce/app/public/wp-content/plugins/elementor/includes/managers/image.php on line 113
[20-Mar-2024 14:00:08 UTC] PHP Warning:  Trying to access array offset on value of type bool in /home/suzan/Local Sites/merocommerce/app/public/wp-content/plugins/elementor/includes/managers/image.php on line 113
[20-Mar-2024 14:00:08 UTC] PHP Warning:  Trying to access array offset on value of type bool in /home/suzan/Local Sites/merocommerce/app/public/wp-content/plugins/elementor/includes/managers/image.php on line 113
[20-Mar-2024 14:00:08 UTC] PHP Warning:  Trying to access array offset on value of type bool in /home/suzan/Local Sites/merocommerce/app/public/wp-content/plugins/elementor/includes/managers/image.php on line 113
[20-Mar-2024 14:00:08 UTC] PHP Warning:  Trying to access array offset on value of type bool in /home/suzan/Local Sites/merocommerce/app/public/wp-content/plugins/elementor/includes/managers/image.php on line 113
[20-Mar-2024 14:00:08 UTC] PHP Warning:  Trying to access array offset on value of type bool in /home/suzan/Local Sites/merocommerce/app/public/wp-content/plugins/elementor/includes/managers/image.php on line 113
[20-Mar-2024 14:00:08 UTC] PHP Warning:  Trying to access array offset on value of type bool in /home/suzan/Local Sites/merocommerce/app/public/wp-content/plugins/elementor/includes/managers/image.php on line 113
[20-Mar-2024 14:00:08 UTC] PHP Warning:  Trying to access array offset on value of type bool in /home/suzan/Local Sites/merocommerce/app/public/wp-content/plugins/elementor/includes/managers/image.php on line 113
[20-Mar-2024 14:00:08 UTC] PHP Warning:  Trying to access array offset on value of type bool in /home/suzan/Local Sites/merocommerce/app/public/wp-content/plugins/elementor/includes/managers/image.php on line 113
[20-Mar-2024 14:00:08 UTC] PHP Warning:  Trying to access array offset on value of type bool in /home/suzan/Local Sites/merocommerce/app/public/wp-content/plugins/elementor/includes/managers/image.php on line 113
[20-Mar-2024 14:00:08 UTC] PHP Warning:  Trying to access array offset on value of type bool in /home/suzan/Local Sites/merocommerce/app/public/wp-content/plugins/elementor/includes/managers/image.php on line 113
[20-Mar-2024 14:00:08 UTC] PHP Warning:  Trying to access array offset on value of type bool in /home/suzan/Local Sites/merocommerce/app/public/wp-content/plugins/elementor/includes/managers/image.php on line 113
[20-Mar-2024 14:00:08 UTC] PHP Warning:  Trying to access array offset on value of type bool in /home/suzan/Local Sites/merocommerce/app/public/wp-content/plugins/elementor/includes/managers/image.php on line 113
[20-Mar-2024 14:00:08 UTC] PHP Warning:  Trying to access array offset on value of type bool in /home/suzan/Local Sites/merocommerce/app/public/wp-content/plugins/elementor/includes/managers/image.php on line 113
[20-Mar-2024 14:00:08 UTC] PHP Warning:  Trying to access array offset on value of type bool in /home/suzan/Local Sites/merocommerce/app/public/wp-content/plugins/elementor/includes/managers/image.php on line 113
[20-Mar-2024 14:00:08 UTC] PHP Warning:  Trying to access array offset on value of type bool in /home/suzan/Local Sites/merocommerce/app/public/wp-content/plugins/elementor/includes/managers/image.php on line 113
[20-Mar-2024 14:00:08 UTC] PHP Warning:  Trying to access array offset on value of type bool in /home/suzan/Local Sites/merocommerce/app/public/wp-content/plugins/elementor/includes/managers/image.php on line 113
[20-Mar-2024 14:00:08 UTC] PHP Warning:  Trying to access array offset on value of type bool in /home/suzan/Local Sites/merocommerce/app/public/wp-content/plugins/elementor/includes/managers/image.php on line 113
[20-Mar-2024 14:00:08 UTC] PHP Warning:  Trying to access array offset on value of type bool in /home/suzan/Local Sites/merocommerce/app/public/wp-content/plugins/elementor/includes/managers/image.php on line 113
[20-Mar-2024 14:00:08 UTC] PHP Warning:  Trying to access array offset on value of type bool in /home/suzan/Local Sites/merocommerce/app/public/wp-content/plugins/elementor/includes/managers/image.php on line 113
[20-Mar-2024 14:00:08 UTC] PHP Warning:  Trying to access array offset on value of type bool in /home/suzan/Local Sites/merocommerce/app/public/wp-content/plugins/elementor/includes/managers/image.php on line 113
[20-Mar-2024 14:00:08 UTC] PHP Warning:  Trying to access array offset on value of type bool in /home/suzan/Local Sites/merocommerce/app/public/wp-content/plugins/elementor/includes/managers/image.php on line 113
[20-Mar-2024 14:00:08 UTC] PHP Warning:  Trying to access array offset on value of type bool in /home/suzan/Local Sites/merocommerce/app/public/wp-content/plugins/elementor/includes/managers/image.php on line 113
[20-Mar-2024 14:00:08 UTC] PHP Warning:  Trying to access array offset on value of type bool in /home/suzan/Local Sites/merocommerce/app/public/wp-content/plugins/elementor/includes/managers/image.php on line 113
[20-Mar-2024 14:00:08 UTC] PHP Warning:  Trying to access array offset on value of type bool in /home/suzan/Local Sites/merocommerce/app/public/wp-content/plugins/elementor/includes/managers/image.php on line 113
[20-Mar-2024 14:00:08 UTC] PHP Warning:  Trying to access array offset on value of type bool in /home/suzan/Local Sites/merocommerce/app/public/wp-content/plugins/elementor/includes/managers/image.php on line 113
[20-Mar-2024 14:00:08 UTC] PHP Warning:  Trying to access array offset on value of type bool in /home/suzan/Local Sites/merocommerce/app/public/wp-content/plugins/elementor/includes/managers/image.php on line 113
[20-Mar-2024 14:00:08 UTC] PHP Warning:  Trying to access array offset on value of type bool in /home/suzan/Local Sites/merocommerce/app/public/wp-content/plugins/elementor/includes/managers/image.php on line 113
[20-Mar-2024 14:00:08 UTC] PHP Warning:  Trying to access array offset on value of type bool in /home/suzan/Local Sites/merocommerce/app/public/wp-content/plugins/elementor/includes/managers/image.php on line 113
[20-Mar-2024 14:00:08 UTC] PHP Warning:  Trying to access array offset on value of type bool in /home/suzan/Local Sites/merocommerce/app/public/wp-content/plugins/elementor/includes/managers/image.php on line 113
[20-Mar-2024 14:00:11 UTC] PHP Warning:  Trying to access array offset on value of type bool in /home/suzan/Local Sites/merocommerce/app/public/wp-content/plugins/elementor/includes/managers/image.php on line 113
[20-Mar-2024 14:00:11 UTC] PHP Warning:  Trying to access array offset on value of type bool in /home/suzan/Local Sites/merocommerce/app/public/wp-content/plugins/elementor/includes/managers/image.php on line 113
[20-Mar-2024 14:00:11 UTC] PHP Warning:  Trying to access array offset on value of type bool in /home/suzan/Local Sites/merocommerce/app/public/wp-content/plugins/elementor/includes/managers/image.php on line 113
[20-Mar-2024 14:00:11 UTC] PHP Warning:  Trying to access array offset on value of type bool in /home/suzan/Local Sites/merocommerce/app/public/wp-content/plugins/elementor/includes/managers/image.php on line 113
[20-Mar-2024 14:00:11 UTC] PHP Warning:  Trying to access array offset on value of type bool in /home/suzan/Local Sites/merocommerce/app/public/wp-content/plugins/elementor/includes/managers/image.php on line 113
[20-Mar-2024 14:00:11 UTC] PHP Warning:  Trying to access array offset on value of type bool in /home/suzan/Local Sites/merocommerce/app/public/wp-content/plugins/elementor/includes/managers/image.php on line 113
[20-Mar-2024 14:00:11 UTC] PHP Warning:  Trying to access array offset on value of type bool in /home/suzan/Local Sites/merocommerce/app/public/wp-content/plugins/elementor/includes/managers/image.php on line 113
[20-Mar-2024 14:00:11 UTC] PHP Warning:  Trying to access array offset on value of type bool in /home/suzan/Local Sites/merocommerce/app/public/wp-content/plugins/elementor/includes/managers/image.php on line 113
[20-Mar-2024 14:00:11 UTC] PHP Warning:  Trying to access array offset on value of type bool in /home/suzan/Local Sites/merocommerce/app/public/wp-content/plugins/elementor/includes/managers/image.php on line 113
[20-Mar-2024 14:00:11 UTC] PHP Warning:  Trying to access array offset on value of type bool in /home/suzan/Local Sites/merocommerce/app/public/wp-content/plugins/elementor/includes/managers/image.php on line 113
[20-Mar-2024 14:00:11 UTC] PHP Warning:  Trying to access array offset on value of type bool in /home/suzan/Local Sites/merocommerce/app/public/wp-content/plugins/elementor/includes/managers/image.php on line 113
[20-Mar-2024 14:00:11 UTC] PHP Warning:  Trying to access array offset on value of type bool in /home/suzan/Local Sites/merocommerce/app/public/wp-content/plugins/elementor/includes/managers/image.php on line 113
[20-Mar-2024 14:00:11 UTC] PHP Warning:  Trying to access array offset on value of type bool in /home/suzan/Local Sites/merocommerce/app/public/wp-content/plugins/elementor/includes/managers/image.php on line 113
[20-Mar-2024 14:00:11 UTC] PHP Warning:  Trying to access array offset on value of type bool in /home/suzan/Local Sites/merocommerce/app/public/wp-content/plugins/elementor/includes/managers/image.php on line 113
[20-Mar-2024 14:00:11 UTC] PHP Warning:  Trying to access array offset on value of type bool in /home/suzan/Local Sites/merocommerce/app/public/wp-content/plugins/elementor/includes/managers/image.php on line 113
[20-Mar-2024 14:00:22 UTC] PHP Warning:  Trying to access array offset on value of type bool in /home/suzan/Local Sites/merocommerce/app/public/wp-content/plugins/elementor/includes/managers/image.php on line 113
[20-Mar-2024 14:00:22 UTC] PHP Warning:  Trying to access array offset on value of type bool in /home/suzan/Local Sites/merocommerce/app/public/wp-content/plugins/elementor/includes/managers/image.php on line 113
[20-Mar-2024 14:00:22 UTC] PHP Warning:  Trying to access array offset on value of type bool in /home/suzan/Local Sites/merocommerce/app/public/wp-content/plugins/elementor/includes/managers/image.php on line 113
[20-Mar-2024 14:00:22 UTC] PHP Warning:  Trying to access array offset on value of type bool in /home/suzan/Local Sites/merocommerce/app/public/wp-content/plugins/elementor/includes/managers/image.php on line 113
[20-Mar-2024 14:00:28 UTC] PHP Warning:  Trying to access array offset on value of type bool in /home/suzan/Local Sites/merocommerce/app/public/wp-content/plugins/elementor/includes/managers/image.php on line 113
[20-Mar-2024 14:09:45 UTC] The wc_get_log_file_path function is deprecated since version 8.6.0.
[20-Mar-2024 14:09:46 UTC] The wc_get_log_file_path function is deprecated since version 8.6.0.
[20-Mar-2024 14:09:46 UTC] The wc_get_log_file_path function is deprecated since version 8.6.0.
[20-Mar-2024 14:09:46 UTC] The wc_get_log_file_path function is deprecated since version 8.6.0.
[20-Mar-2024 14:09:46 UTC] The wc_get_log_file_path function is deprecated since version 8.6.0.
[20-Mar-2024 14:09:47 UTC] The wc_get_log_file_path function is deprecated since version 8.6.0.
[20-Mar-2024 14:09:47 UTC] The wc_get_log_file_path function is deprecated since version 8.6.0.
[20-Mar-2024 14:09:53 UTC] The wc_get_log_file_path function is deprecated since version 8.6.0.
[20-Mar-2024 14:09:53 UTC] The wc_get_log_file_path function is deprecated since version 8.6.0.
[20-Mar-2024 14:09:54 UTC] The wc_get_log_file_path function is deprecated since version 8.6.0.
[20-Mar-2024 14:09:54 UTC] The wc_get_log_file_path function is deprecated since version 8.6.0.
[20-Mar-2024 14:09:54 UTC] The wc_get_log_file_path function is deprecated since version 8.6.0.
[20-Mar-2024 14:09:54 UTC] The wc_get_log_file_path function is deprecated since version 8.6.0.
[20-Mar-2024 14:09:54 UTC] The wc_get_log_file_path function is deprecated since version 8.6.0.
[20-Mar-2024 14:10:00 UTC] The wc_get_log_file_path function is deprecated since version 8.6.0.
[20-Mar-2024 14:10:00 UTC] The wc_get_log_file_path function is deprecated since version 8.6.0.
[20-Mar-2024 14:10:00 UTC] The wc_get_log_file_path function is deprecated since version 8.6.0.
[20-Mar-2024 14:10:00 UTC] The wc_get_log_file_path function is deprecated since version 8.6.0.
[20-Mar-2024 14:10:01 UTC] The wc_get_log_file_path function is deprecated since version 8.6.0.
[20-Mar-2024 14:10:01 UTC] The wc_get_log_file_path function is deprecated since version 8.6.0.
[20-Mar-2024 14:10:01 UTC] The wc_get_log_file_path function is deprecated since version 8.6.0.
[20-Mar-2024 14:11:18 UTC] The wc_get_log_file_path function is deprecated since version 8.6.0.
[20-Mar-2024 14:11:18 UTC] The wc_get_log_file_path function is deprecated since version 8.6.0.
[20-Mar-2024 14:11:18 UTC] The wc_get_log_file_path function is deprecated since version 8.6.0.
[20-Mar-2024 14:11:18 UTC] The wc_get_log_file_path function is deprecated since version 8.6.0.
[20-Mar-2024 14:11:18 UTC] The wc_get_log_file_path function is deprecated since version 8.6.0.
[20-Mar-2024 14:11:19 UTC] The wc_get_log_file_path function is deprecated since version 8.6.0.
[20-Mar-2024 14:11:19 UTC] The wc_get_log_file_path function is deprecated since version 8.6.0.
[20-Mar-2024 14:11:24 UTC] The wc_get_log_file_path function is deprecated since version 8.6.0.
[20-Mar-2024 14:11:25 UTC] The wc_get_log_file_path function is deprecated since version 8.6.0.
[20-Mar-2024 14:11:25 UTC] The wc_get_log_file_path function is deprecated since version 8.6.0.
[20-Mar-2024 14:11:25 UTC] The wc_get_log_file_path function is deprecated since version 8.6.0.
[20-Mar-2024 14:11:25 UTC] The wc_get_log_file_path function is deprecated since version 8.6.0.
[20-Mar-2024 14:11:25 UTC] The wc_get_log_file_path function is deprecated since version 8.6.0.
[20-Mar-2024 14:11:25 UTC] The wc_get_log_file_path function is deprecated since version 8.6.0.
[20-Mar-2024 14:11:39 UTC] The wc_get_log_file_path function is deprecated since version 8.6.0.
[20-Mar-2024 14:11:39 UTC] The wc_get_log_file_path function is deprecated since version 8.6.0.
[20-Mar-2024 14:11:39 UTC] The wc_get_log_file_path function is deprecated since version 8.6.0.
[20-Mar-2024 14:11:40 UTC] The wc_get_log_file_path function is deprecated since version 8.6.0.
[20-Mar-2024 14:11:40 UTC] The wc_get_log_file_path function is deprecated since version 8.6.0.
[20-Mar-2024 14:11:40 UTC] The wc_get_log_file_path function is deprecated since version 8.6.0.
[20-Mar-2024 14:11:40 UTC] The wc_get_log_file_path function is deprecated since version 8.6.0.
[20-Mar-2024 14:11:40 UTC] The wc_get_log_file_path function is deprecated since version 8.6.0.
[20-Mar-2024 14:11:40 UTC] The wc_get_log_file_path function is deprecated since version 8.6.0.
[20-Mar-2024 14:11:40 UTC] The wc_get_log_file_path function is deprecated since version 8.6.0.
[20-Mar-2024 14:11:46 UTC] The wc_get_log_file_path function is deprecated since version 8.6.0.
[20-Mar-2024 14:11:46 UTC] The wc_get_log_file_path function is deprecated since version 8.6.0.
[20-Mar-2024 14:11:46 UTC] The wc_get_log_file_path function is deprecated since version 8.6.0.
[20-Mar-2024 14:11:47 UTC] The wc_get_log_file_path function is deprecated since version 8.6.0.
[20-Mar-2024 14:11:47 UTC] The wc_get_log_file_path function is deprecated since version 8.6.0.
[20-Mar-2024 14:11:47 UTC] The wc_get_log_file_path function is deprecated since version 8.6.0.
[20-Mar-2024 14:11:47 UTC] The wc_get_log_file_path function is deprecated since version 8.6.0.
[20-Mar-2024 14:13:40 UTC] The wc_get_log_file_path function is deprecated since version 8.6.0.
[20-Mar-2024 14:13:40 UTC] The wc_get_log_file_path function is deprecated since version 8.6.0.
[20-Mar-2024 14:13:41 UTC] The wc_get_log_file_path function is deprecated since version 8.6.0.
[20-Mar-2024 14:13:41 UTC] The wc_get_log_file_path function is deprecated since version 8.6.0.
[20-Mar-2024 14:13:41 UTC] The wc_get_log_file_path function is deprecated since version 8.6.0.
[20-Mar-2024 14:13:41 UTC] The wc_get_log_file_path function is deprecated since version 8.6.0.
[20-Mar-2024 14:13:41 UTC] The wc_get_log_file_path function is deprecated since version 8.6.0.
[20-Mar-2024 14:13:49 UTC] The wc_get_log_file_path function is deprecated since version 8.6.0.
[20-Mar-2024 14:13:49 UTC] The wc_get_log_file_path function is deprecated since version 8.6.0.
[20-Mar-2024 14:13:49 UTC] The wc_get_log_file_path function is deprecated since version 8.6.0.
[20-Mar-2024 14:13:49 UTC] The wc_get_log_file_path function is deprecated since version 8.6.0.
[20-Mar-2024 14:13:49 UTC] The wc_get_log_file_path function is deprecated since version 8.6.0.
[20-Mar-2024 14:13:50 UTC] The wc_get_log_file_path function is deprecated since version 8.6.0.
[20-Mar-2024 14:13:50 UTC] The wc_get_log_file_path function is deprecated since version 8.6.0.
[20-Mar-2024 14:13:57 UTC] The wc_get_log_file_path function is deprecated since version 8.6.0.
[20-Mar-2024 14:13:57 UTC] The wc_get_log_file_path function is deprecated since version 8.6.0.
[20-Mar-2024 14:13:57 UTC] The wc_get_log_file_path function is deprecated since version 8.6.0.
[20-Mar-2024 14:13:57 UTC] The wc_get_log_file_path function is deprecated since version 8.6.0.
[20-Mar-2024 14:13:57 UTC] The wc_get_log_file_path function is deprecated since version 8.6.0.
[20-Mar-2024 14:13:57 UTC] The wc_get_log_file_path function is deprecated since version 8.6.0.
[20-Mar-2024 14:13:57 UTC] The wc_get_log_file_path function is deprecated since version 8.6.0.
[20-Mar-2024 14:13:58 UTC] The wc_get_log_file_path function is deprecated since version 8.6.0.
[20-Mar-2024 14:13:58 UTC] The wc_get_log_file_path function is deprecated since version 8.6.0.
[20-Mar-2024 14:13:58 UTC] The wc_get_log_file_path function is deprecated since version 8.6.0.
[20-Mar-2024 14:14:03 UTC] The wc_get_log_file_path function is deprecated since version 8.6.0.
[20-Mar-2024 14:14:04 UTC] The wc_get_log_file_path function is deprecated since version 8.6.0.
[20-Mar-2024 14:14:04 UTC] The wc_get_log_file_path function is deprecated since version 8.6.0.
[20-Mar-2024 14:14:04 UTC] The wc_get_log_file_path function is deprecated since version 8.6.0.
[20-Mar-2024 14:14:04 UTC] The wc_get_log_file_path function is deprecated since version 8.6.0.
[20-Mar-2024 14:14:04 UTC] The wc_get_log_file_path function is deprecated since version 8.6.0.
[20-Mar-2024 14:14:04 UTC] The wc_get_log_file_path function is deprecated since version 8.6.0.
[20-Mar-2024 14:14:28 UTC] The wc_get_log_file_path function is deprecated since version 8.6.0.
[20-Mar-2024 14:14:28 UTC] The wc_get_log_file_path function is deprecated since version 8.6.0.
[20-Mar-2024 14:14:28 UTC] The wc_get_log_file_path function is deprecated since version 8.6.0.
[20-Mar-2024 14:14:28 UTC] The wc_get_log_file_path function is deprecated since version 8.6.0.
[20-Mar-2024 14:14:29 UTC] The wc_get_log_file_path function is deprecated since version 8.6.0.
[20-Mar-2024 14:14:29 UTC] The wc_get_log_file_path function is deprecated since version 8.6.0.
[20-Mar-2024 14:14:29 UTC] The wc_get_log_file_path function is deprecated since version 8.6.0.
[20-Mar-2024 14:14:36 UTC] The wc_get_log_file_path function is deprecated since version 8.6.0.
[20-Mar-2024 14:14:36 UTC] The wc_get_log_file_path function is deprecated since version 8.6.0.
[20-Mar-2024 14:14:36 UTC] The wc_get_log_file_path function is deprecated since version 8.6.0.
[20-Mar-2024 14:14:37 UTC] The wc_get_log_file_path function is deprecated since version 8.6.0.
[20-Mar-2024 14:14:37 UTC] The wc_get_log_file_path function is deprecated since version 8.6.0.
[20-Mar-2024 14:14:37 UTC] The wc_get_log_file_path function is deprecated since version 8.6.0.
[20-Mar-2024 14:14:37 UTC] The wc_get_log_file_path function is deprecated since version 8.6.0.
[20-Mar-2024 14:14:41 UTC] The wc_get_log_file_path function is deprecated since version 8.6.0.
[20-Mar-2024 14:14:41 UTC] The wc_get_log_file_path function is deprecated since version 8.6.0.
[20-Mar-2024 14:14:41 UTC] The wc_get_log_file_path function is deprecated since version 8.6.0.
[20-Mar-2024 14:14:41 UTC] The wc_get_log_file_path function is deprecated since version 8.6.0.
[20-Mar-2024 14:14:41 UTC] The wc_get_log_file_path function is deprecated since version 8.6.0.
[20-Mar-2024 14:14:42 UTC] The wc_get_log_file_path function is deprecated since version 8.6.0.
[20-Mar-2024 14:14:42 UTC] The wc_get_log_file_path function is deprecated since version 8.6.0.
[20-Mar-2024 14:14:54 UTC] The wc_get_log_file_path function is deprecated since version 8.6.0.
[20-Mar-2024 14:14:55 UTC] The wc_get_log_file_path function is deprecated since version 8.6.0.
[20-Mar-2024 14:14:55 UTC] The wc_get_log_file_path function is deprecated since version 8.6.0.
[20-Mar-2024 14:14:55 UTC] The wc_get_log_file_path function is deprecated since version 8.6.0.
[20-Mar-2024 14:14:55 UTC] The wc_get_log_file_path function is deprecated since version 8.6.0.
[20-Mar-2024 14:14:55 UTC] The wc_get_log_file_path function is deprecated since version 8.6.0.
[20-Mar-2024 14:14:55 UTC] The wc_get_log_file_path function is deprecated since version 8.6.0.
[20-Mar-2024 14:14:58 UTC] The wc_get_log_file_path function is deprecated since version 8.6.0.
[20-Mar-2024 14:14:58 UTC] The wc_get_log_file_path function is deprecated since version 8.6.0.
[20-Mar-2024 14:14:58 UTC] The wc_get_log_file_path function is deprecated since version 8.6.0.
[20-Mar-2024 14:14:59 UTC] The wc_get_log_file_path function is deprecated since version 8.6.0.
[20-Mar-2024 14:14:59 UTC] The wc_get_log_file_path function is deprecated since version 8.6.0.
[20-Mar-2024 14:14:59 UTC] The wc_get_log_file_path function is deprecated since version 8.6.0.
[20-Mar-2024 14:14:59 UTC] The wc_get_log_file_path function is deprecated since version 8.6.0.
[20-Mar-2024 14:16:37 UTC] The wc_get_log_file_path function is deprecated since version 8.6.0.
[20-Mar-2024 14:16:58 UTC] The wc_get_log_file_path function is deprecated since version 8.6.0.
[20-Mar-2024 14:17:04 UTC] The wc_get_log_file_path function is deprecated since version 8.6.0.
[20-Mar-2024 14:17:19 UTC] The wc_get_log_file_path function is deprecated since version 8.6.0.
[20-Mar-2024 14:17:56 UTC] The wc_get_log_file_path function is deprecated since version 8.6.0.
[20-Mar-2024 14:17:56 UTC] The wc_get_log_file_path function is deprecated since version 8.6.0.
[20-Mar-2024 14:17:56 UTC] The wc_get_log_file_path function is deprecated since version 8.6.0.
[20-Mar-2024 14:17:56 UTC] The wc_get_log_file_path function is deprecated since version 8.6.0.
[20-Mar-2024 14:17:57 UTC] The wc_get_log_file_path function is deprecated since version 8.6.0.
[20-Mar-2024 14:17:57 UTC] The wc_get_log_file_path function is deprecated since version 8.6.0.
[20-Mar-2024 14:17:57 UTC] The wc_get_log_file_path function is deprecated since version 8.6.0.
[20-Mar-2024 14:17:57 UTC] The wc_get_log_file_path function is deprecated since version 8.6.0.
[20-Mar-2024 14:17:57 UTC] The wc_get_log_file_path function is deprecated since version 8.6.0.
[20-Mar-2024 14:17:57 UTC] The wc_get_log_file_path function is deprecated since version 8.6.0.
[20-Mar-2024 14:18:02 UTC] The wc_get_log_file_path function is deprecated since version 8.6.0.
[20-Mar-2024 14:18:02 UTC] The wc_get_log_file_path function is deprecated since version 8.6.0.
[20-Mar-2024 14:18:03 UTC] The wc_get_log_file_path function is deprecated since version 8.6.0.
[20-Mar-2024 14:18:03 UTC] The wc_get_log_file_path function is deprecated since version 8.6.0.
[20-Mar-2024 14:18:03 UTC] The wc_get_log_file_path function is deprecated since version 8.6.0.
[20-Mar-2024 14:18:03 UTC] The wc_get_log_file_path function is deprecated since version 8.6.0.
[20-Mar-2024 14:18:03 UTC] The wc_get_log_file_path function is deprecated since version 8.6.0.
[20-Mar-2024 14:18:28 UTC] The wc_get_log_file_path function is deprecated since version 8.6.0.
[20-Mar-2024 14:18:28 UTC] The wc_get_log_file_path function is deprecated since version 8.6.0.
[20-Mar-2024 14:18:28 UTC] The wc_get_log_file_path function is deprecated since version 8.6.0.
[20-Mar-2024 14:18:28 UTC] The wc_get_log_file_path function is deprecated since version 8.6.0.
[20-Mar-2024 14:18:28 UTC] The wc_get_log_file_path function is deprecated since version 8.6.0.
[20-Mar-2024 14:18:29 UTC] The wc_get_log_file_path function is deprecated since version 8.6.0.
[20-Mar-2024 14:18:29 UTC] The wc_get_log_file_path function is deprecated since version 8.6.0.
[20-Mar-2024 14:18:52 UTC] The wc_get_log_file_path function is deprecated since version 8.6.0.
[20-Mar-2024 14:18:59 UTC] The wc_get_log_file_path function is deprecated since version 8.6.0.
[20-Mar-2024 14:20:07 UTC] The wc_get_log_file_path function is deprecated since version 8.6.0.
[20-Mar-2024 14:20:08 UTC] The wc_get_log_file_path function is deprecated since version 8.6.0.
[20-Mar-2024 14:20:08 UTC] The wc_get_log_file_path function is deprecated since version 8.6.0.
[20-Mar-2024 14:20:08 UTC] The wc_get_log_file_path function is deprecated since version 8.6.0.
[20-Mar-2024 14:20:08 UTC] The wc_get_log_file_path function is deprecated since version 8.6.0.
[20-Mar-2024 14:20:08 UTC] The wc_get_log_file_path function is deprecated since version 8.6.0.
[20-Mar-2024 14:20:08 UTC] The wc_get_log_file_path function is deprecated since version 8.6.0.
[20-Mar-2024 14:20:19 UTC] The wc_get_log_file_path function is deprecated since version 8.6.0.
[20-Mar-2024 14:20:19 UTC] The wc_get_log_file_path function is deprecated since version 8.6.0.
[20-Mar-2024 14:20:19 UTC] The wc_get_log_file_path function is deprecated since version 8.6.0.
[20-Mar-2024 14:20:19 UTC] The wc_get_log_file_path function is deprecated since version 8.6.0.
[20-Mar-2024 14:20:19 UTC] The wc_get_log_file_path function is deprecated since version 8.6.0.
[20-Mar-2024 14:20:20 UTC] The wc_get_log_file_path function is deprecated since version 8.6.0.
[20-Mar-2024 14:20:20 UTC] The wc_get_log_file_path function is deprecated since version 8.6.0.
[20-Mar-2024 14:20:22 UTC] The wc_get_log_file_path function is deprecated since version 8.6.0.
[20-Mar-2024 14:20:22 UTC] The wc_get_log_file_path function is deprecated since version 8.6.0.
[20-Mar-2024 14:20:22 UTC] The wc_get_log_file_path function is deprecated since version 8.6.0.
[20-Mar-2024 14:20:22 UTC] The wc_get_log_file_path function is deprecated since version 8.6.0.
[20-Mar-2024 14:20:23 UTC] The wc_get_log_file_path function is deprecated since version 8.6.0.
[20-Mar-2024 14:20:23 UTC] The wc_get_log_file_path function is deprecated since version 8.6.0.
[20-Mar-2024 14:20:23 UTC] The wc_get_log_file_path function is deprecated since version 8.6.0.
[20-Mar-2024 14:20:26 UTC] The wc_get_log_file_path function is deprecated since version 8.6.0.
[20-Mar-2024 14:20:26 UTC] The wc_get_log_file_path function is deprecated since version 8.6.0.
[20-Mar-2024 14:20:26 UTC] The wc_get_log_file_path function is deprecated since version 8.6.0.
[20-Mar-2024 14:20:27 UTC] The wc_get_log_file_path function is deprecated since version 8.6.0.
[20-Mar-2024 14:20:27 UTC] The wc_get_log_file_path function is deprecated since version 8.6.0.
[20-Mar-2024 14:20:27 UTC] The wc_get_log_file_path function is deprecated since version 8.6.0.
[20-Mar-2024 14:20:27 UTC] The wc_get_log_file_path function is deprecated since version 8.6.0.
[20-Mar-2024 14:42:03 UTC] The wc_get_log_file_path function is deprecated since version 8.6.0.
[20-Mar-2024 14:42:04 UTC] The wc_get_log_file_path function is deprecated since version 8.6.0.
[20-Mar-2024 14:42:04 UTC] The wc_get_log_file_path function is deprecated since version 8.6.0.
[20-Mar-2024 14:42:04 UTC] The wc_get_log_file_path function is deprecated since version 8.6.0.
[20-Mar-2024 14:42:04 UTC] The wc_get_log_file_path function is deprecated since version 8.6.0.
[20-Mar-2024 14:42:04 UTC] The wc_get_log_file_path function is deprecated since version 8.6.0.
[20-Mar-2024 14:42:04 UTC] The wc_get_log_file_path function is deprecated since version 8.6.0.
[20-Mar-2024 14:42:04 UTC] The wc_get_log_file_path function is deprecated since version 8.6.0.
[20-Mar-2024 14:42:04 UTC] The wc_get_log_file_path function is deprecated since version 8.6.0.
[20-Mar-2024 14:42:04 UTC] The wc_get_log_file_path function is deprecated since version 8.6.0.
[20-Mar-2024 14:42:04 UTC] The wc_get_log_file_path function is deprecated since version 8.6.0.
[20-Mar-2024 14:42:04 UTC] The wc_get_log_file_path function is deprecated since version 8.6.0.
[20-Mar-2024 14:42:05 UTC] The wc_get_log_file_path function is deprecated since version 8.6.0.
[20-Mar-2024 14:42:21 UTC] The wc_get_log_file_path function is deprecated since version 8.6.0.
[20-Mar-2024 14:42:21 UTC] The wc_get_log_file_path function is deprecated since version 8.6.0.
[20-Mar-2024 14:42:21 UTC] The wc_get_log_file_path function is deprecated since version 8.6.0.
[20-Mar-2024 14:42:21 UTC] The wc_get_log_file_path function is deprecated since version 8.6.0.
[20-Mar-2024 14:42:21 UTC] The wc_get_log_file_path function is deprecated since version 8.6.0.
[20-Mar-2024 14:42:21 UTC] The wc_get_log_file_path function is deprecated since version 8.6.0.
[20-Mar-2024 14:42:21 UTC] The wc_get_log_file_path function is deprecated since version 8.6.0.
[20-Mar-2024 14:42:21 UTC] The wc_get_log_file_path function is deprecated since version 8.6.0.
[20-Mar-2024 14:42:21 UTC] The wc_get_log_file_path function is deprecated since version 8.6.0.
[20-Mar-2024 14:42:21 UTC] The wc_get_log_file_path function is deprecated since version 8.6.0.
[20-Mar-2024 14:42:21 UTC] The wc_get_log_file_path function is deprecated since version 8.6.0.
[20-Mar-2024 14:42:22 UTC] The wc_get_log_file_path function is deprecated since version 8.6.0.
[20-Mar-2024 14:42:22 UTC] The wc_get_log_file_path function is deprecated since version 8.6.0.
[20-Mar-2024 14:43:37 UTC] The wc_get_log_file_path function is deprecated since version 8.6.0.
[20-Mar-2024 14:43:37 UTC] The wc_get_log_file_path function is deprecated since version 8.6.0.
[20-Mar-2024 14:43:37 UTC] The wc_get_log_file_path function is deprecated since version 8.6.0.
[20-Mar-2024 14:43:37 UTC] The wc_get_log_file_path function is deprecated since version 8.6.0.
[20-Mar-2024 14:43:37 UTC] The wc_get_log_file_path function is deprecated since version 8.6.0.
[20-Mar-2024 14:43:37 UTC] The wc_get_log_file_path function is deprecated since version 8.6.0.
[20-Mar-2024 14:43:38 UTC] The wc_get_log_file_path function is deprecated since version 8.6.0.
